<?xml version="1.0" encoding="UTF-8"?>
<testng-results skipped="0" failed="0" ignored="1" total="2" passed="1">
  <reporter-output>
  </reporter-output>
  <suite name="Default suite" duration-ms="1026" started-at="2021-05-29T03:46:42Z" finished-at="2021-05-29T03:46:43Z">
    <groups>
    </groups>
    <test name="Default test" duration-ms="1026" started-at="2021-05-29T03:46:42Z" finished-at="2021-05-29T03:46:43Z">
      <class name="apachePoi.LatestPoiCode">
        <test-method status="PASS" signature="getDatalatest()[pri:0, instance:apachePoi.LatestPoiCode@5c3bd550]" name="getDatalatest" duration-ms="978" started-at="2021-05-29T09:16:42Z" finished-at="2021-05-29T09:16:43Z">
          <reporter-output>
          </reporter-output>
        </test-method> <!-- getDatalatest -->
      </class> <!-- apachePoi.LatestPoiCode -->
    </test> <!-- Default test -->
  </suite> <!-- Default suite -->
</testng-results>
